Determining if the pthread_create exist failed with the following output:
Change Dir: /home/dan/GNU_Radio/M0WUT/gr-m0wut/build/CMakeFiles/CMakeTmp

Run Build Command:"/usr/bin/make" "cmTC_03710/fast"
/usr/bin/make -f CMakeFiles/cmTC_03710.dir/build.make CMakeFiles/cmTC_03710.dir/build
make[1]: Entering directory '/home/dan/GNU_Radio/M0WUT/gr-m0wut/build/CMakeFiles/CMakeTmp'
Building C object CMakeFiles/cmTC_03710.dir/CheckSymbolExists.c.o
/usr/bin/cc   -std=gnu11 -o CMakeFiles/cmTC_03710.dir/CheckSymbolExists.c.o   -c /home/dan/GNU_Radio/M0WUT/gr-m0wut/build/CMakeFiles/CMakeTmp/CheckSymbolExists.c
Linking C executable cmTC_03710
/usr/bin/cmake -E cmake_link_script CMakeFiles/cmTC_03710.dir/link.txt --verbose=1
/usr/bin/cc      CMakeFiles/cmTC_03710.dir/CheckSymbolExists.c.o  -o cmTC_03710 
CMakeFiles/cmTC_03710.dir/CheckSymbolExists.c.o: In function `main':
CheckSymbolExists.c:(.text+0x1b): undefined reference to `pthread_create'
collect2: error: ld returned 1 exit status
CMakeFiles/cmTC_03710.dir/build.make:97: recipe for target 'cmTC_03710' failed
make[1]: *** [cmTC_03710] Error 1
make[1]: Leaving directory '/home/dan/GNU_Radio/M0WUT/gr-m0wut/build/CMakeFiles/CMakeTmp'
Makefile:126: recipe for target 'cmTC_03710/fast' failed
make: *** [cmTC_03710/fast] Error 2

File /home/dan/GNU_Radio/M0WUT/gr-m0wut/build/CMakeFiles/CMakeTmp/CheckSymbolExists.c:
/* */
#include <pthread.h>

int main(int argc, char** argv)
{
  (void)argv;
#ifndef pthread_create
  return ((int*)(&pthread_create))[argc];
#else
  (void)argc;
  return 0;
#endif
}

Determining if the function pthread_create exists in the pthreads failed with the following output:
Change Dir: /home/dan/GNU_Radio/M0WUT/gr-m0wut/build/CMakeFiles/CMakeTmp

Run Build Command:"/usr/bin/make" "cmTC_4c49c/fast"
/usr/bin/make -f CMakeFiles/cmTC_4c49c.dir/build.make CMakeFiles/cmTC_4c49c.dir/build
make[1]: Entering directory '/home/dan/GNU_Radio/M0WUT/gr-m0wut/build/CMakeFiles/CMakeTmp'
Building C object CMakeFiles/cmTC_4c49c.dir/CheckFunctionExists.c.o
/usr/bin/cc   -DCHECK_FUNCTION_EXISTS=pthread_create   -std=gnu11 -o CMakeFiles/cmTC_4c49c.dir/CheckFunctionExists.c.o   -c /usr/share/cmake-3.10/Modules/CheckFunctionExists.c
Linking C executable cmTC_4c49c
/usr/bin/cmake -E cmake_link_script CMakeFiles/cmTC_4c49c.dir/link.txt --verbose=1
/usr/bin/cc  -DCHECK_FUNCTION_EXISTS=pthread_create    CMakeFiles/cmTC_4c49c.dir/CheckFunctionExists.c.o  -o cmTC_4c49c -lpthreads 
/usr/bin/ld: cannot find -lpthreads
collect2: error: ld returned 1 exit status
CMakeFiles/cmTC_4c49c.dir/build.make:97: recipe for target 'cmTC_4c49c' failed
make[1]: *** [cmTC_4c49c] Error 1
make[1]: Leaving directory '/home/dan/GNU_Radio/M0WUT/gr-m0wut/build/CMakeFiles/CMakeTmp'
Makefile:126: recipe for target 'cmTC_4c49c/fast' failed
make: *** [cmTC_4c49c/fast] Error 2


